<?xml version="1.0" encoding="UTF-8"?>
<!-- Generated by org.testng.reporters.JUnitReportReporter -->
<testsuite skipped="0" hostname="DESKTOP-PUDM36T" name="test.Categories" tests="1" failures="0" timestamp="2021-05-05T01:18:02 PDT" time="37.079" errors="0">
  <testcase name="categories_test" time="37.079" classname="test.Categories"/>
  <system-out/>
</testsuite> <!-- test.Categories -->
